<?xml version="1.0" encoding="UTF-8"?>
<!-- Generated by org.testng.reporters.JUnitReportReporter -->
<testsuite hostname="Laptopwindows10Leona873176" failures="0" tests="2" name="testng.LoginLogoutTest" time="0.033" errors="0" timestamp="2023-07-11T16:16:09 PDT" skipped="0">
  <testcase classname="testng.LoginLogoutTest" name="test1" time="0.022"/>
  <testcase classname="testng.LoginLogoutTest" name="test2" time="0.011"/>
</testsuite> <!-- testng.LoginLogoutTest -->
