<?xml version="1.0" encoding="UTF-8"?>
<!-- Generated by org.testng.reporters.JUnitReportReporter -->
<testsuite hostname="Laptopwindows10Leona873176" failures="0" tests="3" name="testng.Class2" time="0.000" errors="0" timestamp="2023-07-11T20:05:34 PDT" skipped="3">
  <testcase classname="testng.Class2" name="test5" time="0.000">
    <skipped/>
  </testcase> <!-- test5 -->
  <testcase classname="testng.Class2" name="test4" time="0.000">
    <skipped/>
  </testcase> <!-- test4 -->
  <testcase classname="testng.Class2" name="test3" time="0.000">
    <skipped/>
  </testcase> <!-- test3 -->
</testsuite> <!-- testng.Class2 -->
